<?xml version="1.0" encoding="UTF-8"?>
<!-- Generated by org.testng.reporters.JUnitXMLReporter -->
<testsuite ignored="3" hostname="DESKTOP-2NOPBE7" failures="1" tests="1" name="Default test(failed)" time="0.004" errors="0" timestamp="2020-03-26T20:46:51 CET">
  <testcase classname="banka_test.Account_Test" name="testToString" time="0.001">
    <failure type="java.lang.AssertionError" message="expected [jovana 637437383 0,00] but found [ime, broj]">
      <![CDATA[java.lang.AssertionError: expected [jovana 637437383 0,00] but found [ime, broj]
at banka_test.Account_Test.testToString(Account_Test.java:68)
at java.base/java.util.ArrayList.forEach(ArrayList.java:1507)
... Removed 32 stack frames]]>
    </failure>
  </testcase> <!-- testToString -->
  <testcase classname="banka_test.Account_Test" name="testKonstruktor" time="0.0">
    <ignored/>
  </testcase> <!-- testKonstruktor -->
  <testcase classname="banka_test.Account_Test" name="testNumber" time="0.0">
    <ignored/>
  </testcase> <!-- testNumber -->
  <testcase classname="banka_test.Account_Test" name="testGetterSetter" time="0.0">
    <ignored/>
  </testcase> <!-- testGetterSetter -->
</testsuite> <!-- Default test(failed) -->
